<?xml version="1.0" encoding="UTF-8"?>
<testng-results skipped="0" failed="0" ignored="0" total="1" passed="1">
  <reporter-output>
  </reporter-output>
  <suite name="Suite" duration-ms="33948" started-at="2020-03-26T22:26:50Z" finished-at="2020-03-26T22:27:24Z">
    <groups>
      <group name="cucumber">
        <method signature="AbstractTestNGCucumberTests.feature(cucumber.api.testng.CucumberFeatureWrapper)[pri:0, instance:TestRunner.TestRunnerFile@2473b9ce]" name="feature" class="cucumber.api.testng.AbstractTestNGCucumberTests"/>
      </group> <!-- cucumber -->
    </groups>
    <test name="Test" duration-ms="33948" started-at="2020-03-26T22:26:50Z" finished-at="2020-03-26T22:27:24Z">
      <class name="TestRunner.TestRunnerFile">
        <test-method status="PASS" signature="setUpClass()[pri:0, instance:TestRunner.TestRunnerFile@2473b9ce]" name="setUpClass" is-config="true" duration-ms="452" started-at="2020-03-26T22:26:50Z" finished-at="2020-03-26T22:26:51Z">
          <reporter-output>
          </reporter-output>
        </test-method> <!-- setUpClass -->
        <test-method status="PASS" signature="feature(cucumber.api.testng.CucumberFeatureWrapper)[pri:0, instance:TestRunner.TestRunnerFile@2473b9ce]" name="feature" duration-ms="32814" started-at="2020-03-26T22:26:51Z" description="Runs Cucumber Feature" data-provider="features" finished-at="2020-03-26T22:27:24Z">
          <params>
            <param index="0">
              <value>
                <![CDATA[Check automationpractice login]]>
              </value>
            </param>
          </params>
          <reporter-output>
          </reporter-output>
        </test-method> <!-- feature -->
        <test-method status="PASS" signature="tearDownClass()[pri:0, instance:TestRunner.TestRunnerFile@2473b9ce]" name="tearDownClass" is-config="true" duration-ms="551" started-at="2020-03-26T22:27:24Z" finished-at="2020-03-26T22:27:24Z">
          <reporter-output>
          </reporter-output>
        </test-method> <!-- tearDownClass -->
      </class> <!-- TestRunner.TestRunnerFile -->
    </test> <!-- Test -->
  </suite> <!-- Suite -->
</testng-results>
